[debug] [2026-01-30T15:18:11.748Z] ----------------------------------------------------------------------
[debug] [2026-01-30T15:18:11.752Z] Command:       /home/bimoar/.local/share/mise/installs/node/25.2.1/bin/node /home/bimoar/.local/share/mise/installs/node/25.2.1/bin/firebase init hosting
[debug] [2026-01-30T15:18:11.753Z] CLI Version:   15.5.1
[debug] [2026-01-30T15:18:11.753Z] Platform:      linux
[debug] [2026-01-30T15:18:11.753Z] Node Version:  v25.2.1
[debug] [2026-01-30T15:18:11.753Z] Time:          Fri Jan 30 2026 22:18:11 GMT+0700 (Western Indonesia Time)
[debug] [2026-01-30T15:18:11.754Z] ----------------------------------------------------------------------
[debug] 
[info] 
     ######## #### ########  ######## ########     ###     ######  ########
     ##        ##  ##     ## ##       ##     ##  ##   ##  ##       ##
     ######    ##  ########  ######   ########  #########  ######  ######
     ##        ##  ##    ##  ##       ##     ## ##     ##       ## ##
     ##       #### ##     ## ######## ########  ##     ##  ######  ########

You're about to initialize a Firebase project in this directory:

  /home/bimoar/Documents/GDGOC/ai-cs/backend

[info] 
=== Project Setup
[info] 
[info] First, let's associate this project directory with a Firebase project.
[info] You can create multiple project aliases by running firebase use --add, 
[info] 
[debug] [2026-01-30T15:18:25.945Z] > command requires scopes: ["email","openid","https://www.googleapis.com/auth/cloudplatformprojects.readonly","https://www.googleapis.com/auth/firebase","https://www.googleapis.com/auth/cloud-platform"]
[debug] [2026-01-30T15:18:25.946Z] > authorizing via signed-in user (bimoataullahrahman38@gmail.com)
[debug] [2026-01-30T15:18:25.948Z] Checked if tokens are valid: true, expires at: 1769789868072
[debug] [2026-01-30T15:18:25.948Z] Checked if tokens are valid: true, expires at: 1769789868072
[debug] [2026-01-30T15:18:25.951Z] >>> [apiv2][query] GET https://firebase.googleapis.com/v1beta1/projects pageSize=100
[debug] [2026-01-30T15:18:26.755Z] <<< [apiv2][status] GET https://firebase.googleapis.com/v1beta1/projects 200
[debug] [2026-01-30T15:18:26.755Z] <<< [apiv2][body] GET https://firebase.googleapis.com/v1beta1/projects [omitted]
[info] 
=== Hosting Setup
[debug] [2026-01-30T15:18:28.609Z] Checked if tokens are valid: true, expires at: 1769789868072
[debug] [2026-01-30T15:18:28.609Z] Checked if tokens are valid: true, expires at: 1769789868072
[debug] [2026-01-30T15:18:28.610Z] >>> [apiv2][query] GET https://firebase.googleapis.com/v1beta1/projects/eduresolve-ai [none]
[debug] [2026-01-30T15:18:29.198Z] <<< [apiv2][status] GET https://firebase.googleapis.com/v1beta1/projects/eduresolve-ai 200
[debug] [2026-01-30T15:18:29.198Z] <<< [apiv2][body] GET https://firebase.googleapis.com/v1beta1/projects/eduresolve-ai {"projectId":"eduresolve-ai","projectNumber":"165734058175","displayName":"EduResolve AI","name":"projects/eduresolve-ai","resources":{"hostingSite":"eduresolve-ai"},"state":"ACTIVE","etag":"1_e90c5c7d-a13d-407d-bc00-2922515c0540"}
[info] 
[info] Your public directory is the folder (relative to your project directory) that
[info] will contain Hosting assets to be uploaded with firebase deploy. If you
[info] have a build process for your assets, use your build's output directory.
[info] 
[debug] [2026-01-30T15:18:46.287Z] ExitPromptError: User force closed the prompt with SIGINT
    at Interface.sigint (/home/bimoar/.local/share/mise/installs/node/25.2.1/lib/node_modules/firebase-tools/node_modules/@inquirer/core/dist/commonjs/lib/create-prompt.js:101:37)
    at Interface.emit (node:events:508:28)
    at [_ttyWrite] [as _ttyWrite] (node:internal/readline/interface:1327:18)
    at ReadStream.onkeypress (node:internal/readline/interface:284:20)
    at ReadStream.emit (node:events:520:35)
    at emitKeys (node:internal/readline/utils:371:14)
    at emitKeys.next (<anonymous>)
    at ReadStream.onData (node:internal/readline/emitKeypressEvents:64:36)
    at ReadStream.emit (node:events:508:28)
    at addChunk (node:internal/streams/readable:559:12)
[error] 
[error] Error: An unexpected error has occurred.
